Сборка начата 17.12.2023 13:58:50.
Уровень детализации журнала: Normal.     1>Проект "D:\лабы\КПО\16_лаба\SE_Lab16\SE_Lab16\SE_Lab16.vcxproj" в узле 2 (целевые объекты Build).
     1>PrepareForBuild:
         Структурированный вывод включен. Форматирование диагностики компилятора будет отражать иерархию ошибок. Подробнее см. https://aka.ms/cpp/structured-output.
       InitializeBuildStatus:
         Обращение к "Debug\SE_Lab16.tlog\unsuccessfulbuild".
       ClCompile:
         C:\Program Files\Microsoft Visual Studio\2022\Community\VC\Tools\MSVC\14.38.33130\bin\HostX86\x86\CL.exe /c /ZI /JMC /nologo /W3 /WX- /diagnostics:column /sdl /Od /Oy- /D WIN32 /D _DEBUG /D _CONSOLE /D _UNICODE /D UNICODE /Gm- /EHsc /RTC1 /MDd /GS /fp:precise /Zc:wchar_t /Zc:forScope /Zc:inline /permissive- /Fo"Debug\\" /Fd"Debug\vc143.pdb" /external:W3 /Gd /TP /analyze- /FC /errorReport:prompt FST.cpp SE_Lab16.cpp
         FST.cpp
     1>D:\лабы\КПО\16_лаба\SE_Lab16\SE_Lab16\FST.cpp(64,17): warning C4267: инициализация: преобразование из "size_t" в "short"; возможна потеря данных
         SE_Lab16.cpp
         Создание кода...
       Link:
         C:\Program Files\Microsoft Visual Studio\2022\Community\VC\Tools\MSVC\14.38.33130\bin\HostX86\x86\link.exe /ERRORREPORT:PROMPT /OUT:"D:\лабы\КПО\16_лаба\SE_Lab16\Debug\SE_Lab16.exe" /INCREMENTAL /ILK:"Debug\SE_Lab16.ilk" /NOLOGO kernel32.lib user32.lib gdi32.lib winspool.lib comdlg32.lib advapi32.lib shell32.lib ole32.lib oleaut32.lib uuid.lib odbc32.lib odbccp32.lib /MANIFEST /MANIFESTUAC:"level='asInvoker' uiAccess='false'" /manifest:embed /DEBUG /PDB:"D:\лабы\КПО\16_лаба\SE_Lab16\Debug\SE_Lab16.pdb" /SUBSYSTEM:CONSOLE /TLBID:1 /DYNAMICBASE /NXCOMPAT /IMPLIB:"D:\лабы\КПО\16_лаба\SE_Lab16\Debug\SE_Lab16.lib" /MACHINE:X86 Debug\FST.obj
         Debug\SE_Lab16.obj
         SE_Lab16.vcxproj -> D:\лабы\КПО\16_лаба\SE_Lab16\Debug\SE_Lab16.exe
       FinalizeBuildStatus:
         Файл "Debug\SE_Lab16.tlog\unsuccessfulbuild" удаляется.
         Обращение к "Debug\SE_Lab16.tlog\SE_Lab16.lastbuildstate".
     1>Сборка проекта "D:\лабы\КПО\16_лаба\SE_Lab16\SE_Lab16\SE_Lab16.vcxproj" завершена (целевые объекты Build).

Сборка успешно завершена.

       "D:\лабы\КПО\16_лаба\SE_Lab16\SE_Lab16\SE_Lab16.vcxproj" (целевой объект Build ) (1) ->
       (Целевой объект ClCompile) -> 
         D:\лабы\КПО\16_лаба\SE_Lab16\SE_Lab16\FST.cpp(64,17): warning C4267: инициализация: преобразование из "size_t" в "short"; возможна потеря данных

    Предупреждений: 1
    Ошибок: 0

Прошло времени 00:00:01.35
