Сборка начата 21.11.2023 12:50:00.
Уровень детализации журнала: Normal.     1>Проект "D:\лабы\КПО\19_лаба\SE_ams01\SE_asm01e\SE_asm01e.vcxproj" в узле 2 (целевые объекты _MASM).
     1>PrepareForBuild:
         Структурированный вывод включен. Форматирование диагностики компилятора будет отражать иерархию ошибок. Подробнее см. https://aka.ms/cpp/structured-output.
         Создание каталога "D:\лабы\КПО\19_лаба\SE_ams01\x64\Debug\".
       InitializeBuildStatus:
         Создание "x64\Debug\SE_asm01e.tlog\unsuccessfulbuild", так как было задано "AlwaysCreate".
         Обращение к "x64\Debug\SE_asm01e.tlog\unsuccessfulbuild".
       _MASM:
         Assembling SE_asm01e.asm...
         cmd.exe /C "C:\Users\Ярослава\AppData\Local\Temp\tmp0f16539c5f96464485cf783a873e97ba.cmd"
         ml64.exe /c /nologo /Zi /Fo"x64\Debug\SE_asm01e.obj" /Fl"x64\Debug\\" /W3 /errorReport:prompt  /TaSE_asm01e.asm
     1>SE_asm01e.asm(1): error A2008: syntax error : .
     1>SE_asm01e.asm(2): error A2008: syntax error : .
     1>SE_asm01e.asm(14): error A2008: syntax error : .
     1>SE_asm01e.asm(30): error A2008: syntax error : SetConsoleTitleA
     1>SE_asm01e.asm(36): error A2008: syntax error : getmin
     1>SE_asm01e.asm(40): error A2008: syntax error : getmax
     1>SE_asm01e.asm(48): error A2008: syntax error : WriteConsoleA
     1>SE_asm01e.asm(55): error A2008: syntax error : main
     1>SE_asm01e.asm(55): error A2088: END directive required at end of file
     1>C:\Program Files\Microsoft Visual Studio\2022\Community\MSBuild\Microsoft\VC\v170\BuildCustomizations\masm.targets(70,5): error MSB3721: выход из команды "ml64.exe /c /nologo /Zi /Fo"x64\Debug\SE_asm01e.obj" /Fl"x64\Debug\\" /W3 /errorReport:prompt  /TaSE_asm01e.asm" с кодом "1".
     1>Сборка проекта "D:\лабы\КПО\19_лаба\SE_ams01\SE_asm01e\SE_asm01e.vcxproj" завершена (целевые объекты _MASM) с ошибкой.

Ошибка сборки.

       "D:\лабы\КПО\19_лаба\SE_ams01\SE_asm01e\SE_asm01e.vcxproj" (целевой объект _MASM ) (1) ->
       (Целевой объект _MASM) -> 
         SE_asm01e.asm(1): error A2008: syntax error : .
         SE_asm01e.asm(2): error A2008: syntax error : .
         SE_asm01e.asm(14): error A2008: syntax error : .
         SE_asm01e.asm(30): error A2008: syntax error : SetConsoleTitleA
         SE_asm01e.asm(36): error A2008: syntax error : getmin
         SE_asm01e.asm(40): error A2008: syntax error : getmax
         SE_asm01e.asm(48): error A2008: syntax error : WriteConsoleA
         SE_asm01e.asm(55): error A2008: syntax error : main
         SE_asm01e.asm(55): error A2088: END directive required at end of file
         C:\Program Files\Microsoft Visual Studio\2022\Community\MSBuild\Microsoft\VC\v170\BuildCustomizations\masm.targets(70,5): error MSB3721: выход из команды "ml64.exe /c /nologo /Zi /Fo"x64\Debug\SE_asm01e.obj" /Fl"x64\Debug\\" /W3 /errorReport:prompt  /TaSE_asm01e.asm" с кодом "1".

    Предупреждений: 0
    Ошибок: 10

Прошло времени 00:00:00.20
