Сборка начата 28.11.2023 16:17:00.
Уровень детализации журнала: Normal.     1>Проект "D:\лабы\КПО\20_лаба\SE_Lab20\SE_Lab20\SE_Lab20.vcxproj" в узле 2 (целевые объекты Build).
     1>PrepareForBuild:
         Структурированный вывод включен. Форматирование диагностики компилятора будет отражать иерархию ошибок. Подробнее см. https://aka.ms/cpp/structured-output.
       InitializeBuildStatus:
         Обращение к "Debug\SE_Lab20.tlog\unsuccessfulbuild".
       ClCompile:
         Для всех выходных данных обновления не требуется.
       Link:
         C:\Program Files\Microsoft Visual Studio\2022\Community\VC\Tools\MSVC\14.38.33130\bin\HostX86\x86\link.exe /ERRORREPORT:PROMPT /OUT:"D:\лабы\КПО\20_лаба\SE_Lab20\Debug\SE_Lab20.exe" /INCREMENTAL /ILK:"Debug\SE_Lab20.ilk" /NOLOGO kernel32.lib user32.lib gdi32.lib winspool.lib comdlg32.lib advapi32.lib shell32.lib ole32.lib oleaut32.lib uuid.lib odbc32.lib odbccp32.lib /MANIFEST /MANIFESTUAC:"level='asInvoker' uiAccess='false'" /manifest:embed /DEBUG /PDB:"D:\лабы\КПО\20_лаба\SE_Lab20\Debug\SE_Lab20.pdb" /SUBSYSTEM:CONSOLE /TLBID:1 /DYNAMICBASE /NXCOMPAT /IMPLIB:"D:\лабы\КПО\20_лаба\SE_Lab20\Debug\SE_Lab20.lib" /MACHINE:X86 Debug\Error.obj
         Debug\FST.obj
         Debug\GRB.obj
         Debug\In.obj
         Debug\IT.obj
         Debug\LexemaAnalysis.obj
         Debug\Log.obj
         Debug\LT.obj
         Debug\MFST.obj
         Debug\Out.obj
         Debug\Parm.obj
         Debug\PolishNotation.obj
         Debug\SE_Lab20.obj
         SE_Lab20.vcxproj -> D:\лабы\КПО\20_лаба\SE_Lab20\Debug\SE_Lab20.exe
       FinalizeBuildStatus:
         Файл "Debug\SE_Lab20.tlog\unsuccessfulbuild" удаляется.
         Обращение к "Debug\SE_Lab20.tlog\SE_Lab20.lastbuildstate".
     1>Сборка проекта "D:\лабы\КПО\20_лаба\SE_Lab20\SE_Lab20\SE_Lab20.vcxproj" завершена (целевые объекты Build).

Сборка успешно завершена.
    Предупреждений: 0
    Ошибок: 0

Прошло времени 00:00:00.46
