Сборка начата 10.10.2023 17:03:40.
Уровень детализации журнала: Normal.     1>Проект "D:\лабы\КПО\17_лаба\SE_Lab17\SE_Lab17\SE_Lab17.vcxproj" в узле 2 (целевые объекты Build).
     1>InitializeBuildStatus:
         Создание "Debug\SE_Lab17.tlog\unsuccessfulbuild", так как было задано "AlwaysCreate".
       ClCompile:
         C:\Program Files\Microsoft Visual Studio\2022\Community\VC\Tools\MSVC\14.34.31933\bin\HostX86\x86\CL.exe /c /ZI /JMC /nologo /W3 /WX- /diagnostics:column /sdl /Od /Oy- /D WIN32 /D _DEBUG /D _CONSOLE /D _UNICODE /D UNICODE /Gm- /EHsc /RTC1 /MDd /GS /fp:precise /Zc:wchar_t /Zc:forScope /Zc:inline /permissive- /Fo"Debug\\" /Fd"Debug\vc143.pdb" /external:W3 /Gd /TP /analyze- /FC /errorReport:prompt Error.cpp IT.cpp In.cpp LT.cpp LexemaAnalysis.cpp Log.cpp Out.cpp Parm.cpp SE_Lab17.cpp
         Error.cpp
         IT.cpp
     1>D:\лабы\КПО\17_лаба\SE_Lab17\SE_Lab17\IT.cpp(77,30): warning C4267: =: преобразование из "size_t" в "unsigned char"; возможна потеря данных
     1>D:\лабы\КПО\17_лаба\SE_Lab17\SE_Lab17\IT.cpp(96,30): warning C4267: =: преобразование из "size_t" в "unsigned char"; возможна потеря данных
         In.cpp
         LT.cpp
         LexemaAnalysis.cpp
     1>D:\лабы\КПО\17_лаба\SE_Lab17\SE_Lab17\LexemaAnalysis.cpp(83,21): warning C4305: =: усечение из "int" в "char"
     1>D:\лабы\КПО\17_лаба\SE_Lab17\SE_Lab17\LexemaAnalysis.cpp(83,17): warning C4309: =: усечение константного значения
         Log.cpp
         Out.cpp
         Parm.cpp
     1>D:\лабы\КПО\17_лаба\SE_Lab17\SE_Lab17\Parm.cpp(9,11): warning C4101: wst: неиспользованная локальная переменная
         SE_Lab17.cpp
     1>D:\лабы\КПО\17_лаба\SE_Lab17\SE_Lab17\SE_Lab17.cpp(69,3): warning C4102: Log: неиспользованная метка
         Создание кода...
     1>D:\лабы\КПО\17_лаба\SE_Lab17\SE_Lab17\LT.cpp(23): warning C4715: LT::LexTable::GetEntry: значение возвращается не при всех путях выполнения
     1>D:\лабы\КПО\17_лаба\SE_Lab17\SE_Lab17\IT.cpp(156): warning C4715: IT::IdTable::GetEntry: значение возвращается не при всех путях выполнения
     1>D:\лабы\КПО\17_лаба\SE_Lab17\SE_Lab17\IT.cpp(188): warning C4172: возвращение адреса локальной или временной переменной : buffer
       Link:
         C:\Program Files\Microsoft Visual Studio\2022\Community\VC\Tools\MSVC\14.34.31933\bin\HostX86\x86\link.exe /ERRORREPORT:PROMPT /OUT:"D:\лабы\КПО\17_лаба\SE_Lab17\Debug\SE_Lab17.exe" /INCREMENTAL /ILK:"Debug\SE_Lab17.ilk" /NOLOGO kernel32.lib user32.lib gdi32.lib winspool.lib comdlg32.lib advapi32.lib shell32.lib ole32.lib oleaut32.lib uuid.lib odbc32.lib odbccp32.lib /MANIFEST /MANIFESTUAC:"level='asInvoker' uiAccess='false'" /manifest:embed /DEBUG /PDB:"D:\лабы\КПО\17_лаба\SE_Lab17\Debug\SE_Lab17.pdb" /SUBSYSTEM:CONSOLE /TLBID:1 /DYNAMICBASE /NXCOMPAT /IMPLIB:"D:\лабы\КПО\17_лаба\SE_Lab17\Debug\SE_Lab17.lib" /MACHINE:X86 Debug\Error.obj
         Debug\FST.obj
         Debug\In.obj
         Debug\IT.obj
         Debug\LexemaAnalysis.obj
         Debug\Log.obj
         Debug\LT.obj
         Debug\Out.obj
         Debug\Parm.obj
         Debug\SE_Lab17.obj
         SE_Lab17.vcxproj -> D:\лабы\КПО\17_лаба\SE_Lab17\Debug\SE_Lab17.exe
       FinalizeBuildStatus:
         Файл "Debug\SE_Lab17.tlog\unsuccessfulbuild" удаляется.
         Обращение к "Debug\SE_Lab17.tlog\SE_Lab17.lastbuildstate".
     1>Сборка проекта "D:\лабы\КПО\17_лаба\SE_Lab17\SE_Lab17\SE_Lab17.vcxproj" завершена (целевые объекты Build).

Сборка успешно завершена.

       "D:\лабы\КПО\17_лаба\SE_Lab17\SE_Lab17\SE_Lab17.vcxproj" (целевой объект Build ) (1) ->
       (Целевой объект ClCompile) -> 
         D:\лабы\КПО\17_лаба\SE_Lab17\SE_Lab17\IT.cpp(77,30): warning C4267: =: преобразование из "size_t" в "unsigned char"; возможна потеря данных
         D:\лабы\КПО\17_лаба\SE_Lab17\SE_Lab17\IT.cpp(96,30): warning C4267: =: преобразование из "size_t" в "unsigned char"; возможна потеря данных
         D:\лабы\КПО\17_лаба\SE_Lab17\SE_Lab17\LexemaAnalysis.cpp(83,21): warning C4305: =: усечение из "int" в "char"
         D:\лабы\КПО\17_лаба\SE_Lab17\SE_Lab17\LexemaAnalysis.cpp(83,17): warning C4309: =: усечение константного значения
         D:\лабы\КПО\17_лаба\SE_Lab17\SE_Lab17\Parm.cpp(9,11): warning C4101: wst: неиспользованная локальная переменная
         D:\лабы\КПО\17_лаба\SE_Lab17\SE_Lab17\SE_Lab17.cpp(69,3): warning C4102: Log: неиспользованная метка
         D:\лабы\КПО\17_лаба\SE_Lab17\SE_Lab17\LT.cpp(23): warning C4715: LT::LexTable::GetEntry: значение возвращается не при всех путях выполнения
         D:\лабы\КПО\17_лаба\SE_Lab17\SE_Lab17\IT.cpp(156): warning C4715: IT::IdTable::GetEntry: значение возвращается не при всех путях выполнения
         D:\лабы\КПО\17_лаба\SE_Lab17\SE_Lab17\IT.cpp(188): warning C4172: возвращение адреса локальной или временной переменной : buffer

    Предупреждений: 9
    Ошибок: 0

Прошло времени 00:00:05.19
