Сборка начата 21.11.2023 12:46:57.
Уровень детализации журнала: Normal.     1>Проект "D:\лабы\КПО\19_лаба\SE_ams01\SE_asm01c\SE_asm01c.vcxproj" в узле 3 (целевые объекты Build).
     1>PrepareForBuild:
         Структурированный вывод включен. Форматирование диагностики компилятора будет отражать иерархию ошибок. Подробнее см. https://aka.ms/cpp/structured-output.
       InitializeBuildStatus:
         Создание "Debug\SE_asm01c.tlog\unsuccessfulbuild", так как было задано "AlwaysCreate".
         Обращение к "Debug\SE_asm01c.tlog\unsuccessfulbuild".
       ClCompile:
         Для всех выходных данных обновления не требуется.
       Link:
         C:\Program Files\Microsoft Visual Studio\2022\Community\VC\Tools\MSVC\14.38.33130\bin\HostX86\x86\link.exe /ERRORREPORT:PROMPT /OUT:"D:\лабы\КПО\19_лаба\SE_ams01\Debug\SE_asm01c.exe" /INCREMENTAL /ILK:"Debug\SE_asm01c.ilk" /NOLOGO kernel32.lib user32.lib gdi32.lib winspool.lib comdlg32.lib advapi32.lib shell32.lib ole32.lib oleaut32.lib uuid.lib odbc32.lib odbccp32.lib /MANIFEST /MANIFESTUAC:"level='asInvoker' uiAccess='false'" /manifest:embed /DEBUG /PDB:"D:\лабы\КПО\19_лаба\SE_ams01\Debug\SE_asm01c.pdb" /SUBSYSTEM:CONSOLE /TLBID:1 /DYNAMICBASE /NXCOMPAT /IMPLIB:"D:\лабы\КПО\19_лаба\SE_ams01\Debug\SE_asm01c.lib" /MACHINE:X86 ../Debug/SE_asm01a.lib Debug\SE_asm01c.obj
         SE_asm01c.vcxproj -> D:\лабы\КПО\19_лаба\SE_ams01\Debug\SE_asm01c.exe
       FinalizeBuildStatus:
         Файл "Debug\SE_asm01c.tlog\unsuccessfulbuild" удаляется.
         Обращение к "Debug\SE_asm01c.tlog\SE_asm01c.lastbuildstate".
     1>Сборка проекта "D:\лабы\КПО\19_лаба\SE_ams01\SE_asm01c\SE_asm01c.vcxproj" завершена (целевые объекты Build).

Сборка успешно завершена.
    Предупреждений: 0
    Ошибок: 0

Прошло времени 00:00:00.45
